  PluginHandler.cc
C:\Program Files (x86)\Windows Kits\10\Include\10.0.19041.0\shared\ntstatus.h(66,1): warning C4005: 'STATUS_WAIT_0': 매크로 재정의
C:\Program Files (x86)\Windows Kits\10\Include\10.0.19041.0\um\winnt.h(2510): message : 'STATUS_WAIT_0'의 이전 정의를 참조하십시오.
C:\Program Files (x86)\Windows Kits\10\Include\10.0.19041.0\shared\ntstatus.h(222,1): warning C4005: 'STATUS_ABANDONED_WAIT_0': 매크로 재정의
C:\Program Files (x86)\Windows Kits\10\Include\10.0.19041.0\um\winnt.h(2511): message : 'STATUS_ABANDONED_WAIT_0'의 이전 정의를 참조하십시오.
C:\Program Files (x86)\Windows Kits\10\Include\10.0.19041.0\shared\ntstatus.h(245,1): warning C4005: 'STATUS_USER_APC': 매크로 재정의
C:\Program Files (x86)\Windows Kits\10\Include\10.0.19041.0\um\winnt.h(2512): message : 'STATUS_USER_APC'의 이전 정의를 참조하십시오.
C:\Program Files (x86)\Windows Kits\10\Include\10.0.19041.0\shared\ntstatus.h(281,1): warning C4005: 'STATUS_TIMEOUT': 매크로 재정의
C:\Program Files (x86)\Windows Kits\10\Include\10.0.19041.0\um\winnt.h(2513): message : 'STATUS_TIMEOUT'의 이전 정의를 참조하십시오.
C:\Program Files (x86)\Windows Kits\10\Include\10.0.19041.0\shared\ntstatus.h(290,1): warning C4005: 'STATUS_PENDING': 매크로 재정의
C:\Program Files (x86)\Windows Kits\10\Include\10.0.19041.0\um\winnt.h(2514): message : 'STATUS_PENDING'의 이전 정의를 참조하십시오.
C:\Program Files (x86)\Windows Kits\10\Include\10.0.19041.0\shared\ntstatus.h(737,1): warning C4005: 'DBG_EXCEPTION_HANDLED': 매크로 재정의
C:\Program Files (x86)\Windows Kits\10\Include\10.0.19041.0\um\winnt.h(2515): message : 'DBG_EXCEPTION_HANDLED'의 이전 정의를 참조하십시오.
C:\Program Files (x86)\Windows Kits\10\Include\10.0.19041.0\shared\ntstatus.h(746,1): warning C4005: 'DBG_CONTINUE': 매크로 재정의
C:\Program Files (x86)\Windows Kits\10\Include\10.0.19041.0\um\winnt.h(2516): message : 'DBG_CONTINUE'의 이전 정의를 참조하십시오.
C:\Program Files (x86)\Windows Kits\10\Include\10.0.19041.0\shared\ntstatus.h(821,1): warning C4005: 'STATUS_SEGMENT_NOTIFICATION': 매크로 재정의
C:\Program Files (x86)\Windows Kits\10\Include\10.0.19041.0\um\winnt.h(2517): message : 'STATUS_SEGMENT_NOTIFICATION'의 이전 정의를 참조하십시오.
C:\Program Files (x86)\Windows Kits\10\Include\10.0.19041.0\shared\ntstatus.h(984,1): warning C4005: 'STATUS_FATAL_APP_EXIT': 매크로 재정의
C:\Program Files (x86)\Windows Kits\10\Include\10.0.19041.0\um\winnt.h(2518): message : 'STATUS_FATAL_APP_EXIT'의 이전 정의를 참조하십시오.
C:\Program Files (x86)\Windows Kits\10\Include\10.0.19041.0\shared\ntstatus.h(1304,1): warning C4005: 'DBG_REPLY_LATER': 매크로 재정의
C:\Program Files (x86)\Windows Kits\10\Include\10.0.19041.0\um\winnt.h(2519): message : 'DBG_REPLY_LATER'의 이전 정의를 참조하십시오.
C:\Program Files (x86)\Windows Kits\10\Include\10.0.19041.0\shared\ntstatus.h(1322,1): warning C4005: 'DBG_TERMINATE_THREAD': 매크로 재정의
C:\Program Files (x86)\Windows Kits\10\Include\10.0.19041.0\um\winnt.h(2520): message : 'DBG_TERMINATE_THREAD'의 이전 정의를 참조하십시오.
C:\Program Files (x86)\Windows Kits\10\Include\10.0.19041.0\shared\ntstatus.h(1331,1): warning C4005: 'DBG_TERMINATE_PROCESS': 매크로 재정의
C:\Program Files (x86)\Windows Kits\10\Include\10.0.19041.0\um\winnt.h(2521): message : 'DBG_TERMINATE_PROCESS'의 이전 정의를 참조하십시오.
C:\Program Files (x86)\Windows Kits\10\Include\10.0.19041.0\shared\ntstatus.h(1340,1): warning C4005: 'DBG_CONTROL_C': 매크로 재정의
C:\Program Files (x86)\Windows Kits\10\Include\10.0.19041.0\um\winnt.h(2522): message : 'DBG_CONTROL_C'의 이전 정의를 참조하십시오.
C:\Program Files (x86)\Windows Kits\10\Include\10.0.19041.0\shared\ntstatus.h(1349,1): warning C4005: 'DBG_PRINTEXCEPTION_C': 매크로 재정의
C:\Program Files (x86)\Windows Kits\10\Include\10.0.19041.0\um\winnt.h(2523): message : 'DBG_PRINTEXCEPTION_C'의 이전 정의를 참조하십시오.
C:\Program Files (x86)\Windows Kits\10\Include\10.0.19041.0\shared\ntstatus.h(1358,1): warning C4005: 'DBG_RIPEXCEPTION': 매크로 재정의
C:\Program Files (x86)\Windows Kits\10\Include\10.0.19041.0\um\winnt.h(2524): message : 'DBG_RIPEXCEPTION'의 이전 정의를 참조하십시오.
C:\Program Files (x86)\Windows Kits\10\Include\10.0.19041.0\shared\ntstatus.h(1367,1): warning C4005: 'DBG_CONTROL_BREAK': 매크로 재정의
C:\Program Files (x86)\Windows Kits\10\Include\10.0.19041.0\um\winnt.h(2525): message : 'DBG_CONTROL_BREAK'의 이전 정의를 참조하십시오.
C:\Program Files (x86)\Windows Kits\10\Include\10.0.19041.0\shared\ntstatus.h(1376,1): warning C4005: 'DBG_COMMAND_EXCEPTION': 매크로 재정의
C:\Program Files (x86)\Windows Kits\10\Include\10.0.19041.0\um\winnt.h(2526): message : 'DBG_COMMAND_EXCEPTION'의 이전 정의를 참조하십시오.
C:\Program Files (x86)\Windows Kits\10\Include\10.0.19041.0\shared\ntstatus.h(1385,1): warning C4005: 'DBG_PRINTEXCEPTION_WIDE_C': 매크로 재정의
C:\Program Files (x86)\Windows Kits\10\Include\10.0.19041.0\um\winnt.h(2527): message : 'DBG_PRINTEXCEPTION_WIDE_C'의 이전 정의를 참조하십시오.
C:\Program Files (x86)\Windows Kits\10\Include\10.0.19041.0\shared\ntstatus.h(1417,1): warning C4005: 'STATUS_GUARD_PAGE_VIOLATION': 매크로 재정의
C:\Program Files (x86)\Windows Kits\10\Include\10.0.19041.0\um\winnt.h(2528): message : 'STATUS_GUARD_PAGE_VIOLATION'의 이전 정의를 참조하십시오.
C:\Program Files (x86)\Windows Kits\10\Include\10.0.19041.0\shared\ntstatus.h(1428,1): warning C4005: 'STATUS_DATATYPE_MISALIGNMENT': 매크로 재정의
C:\Program Files (x86)\Windows Kits\10\Include\10.0.19041.0\um\winnt.h(2529): message : 'STATUS_DATATYPE_MISALIGNMENT'의 이전 정의를 참조하십시오.
C:\Program Files (x86)\Windows Kits\10\Include\10.0.19041.0\shared\ntstatus.h(1439,1): warning C4005: 'STATUS_BREAKPOINT': 매크로 재정의
C:\Program Files (x86)\Windows Kits\10\Include\10.0.19041.0\um\winnt.h(2530): message : 'STATUS_BREAKPOINT'의 이전 정의를 참조하십시오.
C:\Program Files (x86)\Windows Kits\10\Include\10.0.19041.0\shared\ntstatus.h(1450,1): warning C4005: 'STATUS_SINGLE_STEP': 매크로 재정의
C:\Program Files (x86)\Windows Kits\10\Include\10.0.19041.0\um\winnt.h(2531): message : 'STATUS_SINGLE_STEP'의 이전 정의를 참조하십시오.
C:\Program Files (x86)\Windows Kits\10\Include\10.0.19041.0\shared\ntstatus.h(1753,1): warning C4005: 'STATUS_LONGJUMP': 매크로 재정의
C:\Program Files (x86)\Windows Kits\10\Include\10.0.19041.0\um\winnt.h(2532): message : 'STATUS_LONGJUMP'의 이전 정의를 참조하십시오.
C:\Program Files (x86)\Windows Kits\10\Include\10.0.19041.0\shared\ntstatus.h(1780,1): warning C4005: 'STATUS_UNWIND_CONSOLIDATE': 매크로 재정의
C:\Program Files (x86)\Windows Kits\10\Include\10.0.19041.0\um\winnt.h(2533): message : 'STATUS_UNWIND_CONSOLIDATE'의 이전 정의를 참조하십시오.
C:\Program Files (x86)\Windows Kits\10\Include\10.0.19041.0\shared\ntstatus.h(1884,1): warning C4005: 'DBG_EXCEPTION_NOT_HANDLED': 매크로 재정의
C:\Program Files (x86)\Windows Kits\10\Include\10.0.19041.0\um\winnt.h(2534): message : 'DBG_EXCEPTION_NOT_HANDLED'의 이전 정의를 참조하십시오.
C:\Program Files (x86)\Windows Kits\10\Include\10.0.19041.0\shared\ntstatus.h(2030,1): warning C4005: 'STATUS_ACCESS_VIOLATION': 매크로 재정의
C:\Program Files (x86)\Windows Kits\10\Include\10.0.19041.0\um\winnt.h(2535): message : 'STATUS_ACCESS_VIOLATION'의 이전 정의를 참조하십시오.
C:\Program Files (x86)\Windows Kits\10\Include\10.0.19041.0\shared\ntstatus.h(2039,1): warning C4005: 'STATUS_IN_PAGE_ERROR': 매크로 재정의
C:\Program Files (x86)\Windows Kits\10\Include\10.0.19041.0\um\winnt.h(2536): message : 'STATUS_IN_PAGE_ERROR'의 이전 정의를 참조하십시오.
C:\Program Files (x86)\Windows Kits\10\Include\10.0.19041.0\shared\ntstatus.h(2057,1): warning C4005: 'STATUS_INVALID_HANDLE': 매크로 재정의
C:\Program Files (x86)\Windows Kits\10\Include\10.0.19041.0\um\winnt.h(2537): message : 'STATUS_INVALID_HANDLE'의 이전 정의를 참조하십시오.
C:\Program Files (x86)\Windows Kits\10\Include\10.0.19041.0\shared\ntstatus.h(2102,1): warning C4005: 'STATUS_INVALID_PARAMETER': 매크로 재정의
C:\Program Files (x86)\Windows Kits\10\Include\10.0.19041.0\um\winnt.h(2538): message : 'STATUS_INVALID_PARAMETER'의 이전 정의를 참조하십시오.
C:\Program Files (x86)\Windows Kits\10\Include\10.0.19041.0\shared\ntstatus.h(2202,1): warning C4005: 'STATUS_NO_MEMORY': 매크로 재정의
C:\Program Files (x86)\Windows Kits\10\Include\10.0.19041.0\um\winnt.h(2539): message : 'STATUS_NO_MEMORY'의 이전 정의를 참조하십시오.
C:\Program Files (x86)\Windows Kits\10\Include\10.0.19041.0\shared\ntstatus.h(2259,1): warning C4005: 'STATUS_ILLEGAL_INSTRUCTION': 매크로 재정의
C:\Program Files (x86)\Windows Kits\10\Include\10.0.19041.0\um\winnt.h(2540): message : 'STATUS_ILLEGAL_INSTRUCTION'의 이전 정의를 참조하십시오.
C:\Program Files (x86)\Windows Kits\10\Include\10.0.19041.0\shared\ntstatus.h(2340,1): warning C4005: 'STATUS_NONCONTINUABLE_EXCEPTION': 매크로 재정의
C:\Program Files (x86)\Windows Kits\10\Include\10.0.19041.0\um\winnt.h(2541): message : 'STATUS_NONCONTINUABLE_EXCEPTION'의 이전 정의를 참조하십시오.
C:\Program Files (x86)\Windows Kits\10\Include\10.0.19041.0\shared\ntstatus.h(2349,1): warning C4005: 'STATUS_INVALID_DISPOSITION': 매크로 재정의
C:\Program Files (x86)\Windows Kits\10\Include\10.0.19041.0\um\winnt.h(2542): message : 'STATUS_INVALID_DISPOSITION'의 이전 정의를 참조하십시오.
C:\Program Files (x86)\Windows Kits\10\Include\10.0.19041.0\shared\ntstatus.h(3282,1): warning C4005: 'STATUS_ARRAY_BOUNDS_EXCEEDED': 매크로 재정의
C:\Program Files (x86)\Windows Kits\10\Include\10.0.19041.0\um\winnt.h(2543): message : 'STATUS_ARRAY_BOUNDS_EXCEEDED'의 이전 정의를 참조하십시오.
C:\Program Files (x86)\Windows Kits\10\Include\10.0.19041.0\shared\ntstatus.h(3292,1): warning C4005: 'STATUS_FLOAT_DENORMAL_OPERAND': 매크로 재정의
C:\Program Files (x86)\Windows Kits\10\Include\10.0.19041.0\um\winnt.h(2544): message : 'STATUS_FLOAT_DENORMAL_OPERAND'의 이전 정의를 참조하십시오.
C:\Program Files (x86)\Windows Kits\10\Include\10.0.19041.0\shared\ntstatus.h(3302,1): warning C4005: 'STATUS_FLOAT_DIVIDE_BY_ZERO': 매크로 재정의
C:\Program Files (x86)\Windows Kits\10\Include\10.0.19041.0\um\winnt.h(2545): message : 'STATUS_FLOAT_DIVIDE_BY_ZERO'의 이전 정의를 참조하십시오.
C:\Program Files (x86)\Windows Kits\10\Include\10.0.19041.0\shared\ntstatus.h(3312,1): warning C4005: 'STATUS_FLOAT_INEXACT_RESULT': 매크로 재정의
C:\Program Files (x86)\Windows Kits\10\Include\10.0.19041.0\um\winnt.h(2546): message : 'STATUS_FLOAT_INEXACT_RESULT'의 이전 정의를 참조하십시오.
C:\Program Files (x86)\Windows Kits\10\Include\10.0.19041.0\shared\ntstatus.h(3322,1): warning C4005: 'STATUS_FLOAT_INVALID_OPERATION': 매크로 재정의
C:\Program Files (x86)\Windows Kits\10\Include\10.0.19041.0\um\winnt.h(2547): message : 'STATUS_FLOAT_INVALID_OPERATION'의 이전 정의를 참조하십시오.
C:\Program Files (x86)\Windows Kits\10\Include\10.0.19041.0\shared\ntstatus.h(3332,1): warning C4005: 'STATUS_FLOAT_OVERFLOW': 매크로 재정의
C:\Program Files (x86)\Windows Kits\10\Include\10.0.19041.0\um\winnt.h(2548): message : 'STATUS_FLOAT_OVERFLOW'의 이전 정의를 참조하십시오.
C:\Program Files (x86)\Windows Kits\10\Include\10.0.19041.0\shared\ntstatus.h(3342,1): warning C4005: 'STATUS_FLOAT_STACK_CHECK': 매크로 재정의
C:\Program Files (x86)\Windows Kits\10\Include\10.0.19041.0\um\winnt.h(2549): message : 'STATUS_FLOAT_STACK_CHECK'의 이전 정의를 참조하십시오.
C:\Program Files (x86)\Windows Kits\10\Include\10.0.19041.0\shared\ntstatus.h(3352,1): warning C4005: 'STATUS_FLOAT_UNDERFLOW': 매크로 재정의
C:\Program Files (x86)\Windows Kits\10\Include\10.0.19041.0\um\winnt.h(2550): message : 'STATUS_FLOAT_UNDERFLOW'의 이전 정의를 참조하십시오.
C:\Program Files (x86)\Windows Kits\10\Include\10.0.19041.0\shared\ntstatus.h(3362,1): warning C4005: 'STATUS_INTEGER_DIVIDE_BY_ZERO': 매크로 재정의
C:\Program Files (x86)\Windows Kits\10\Include\10.0.19041.0\um\winnt.h(2551): message : 'STATUS_INTEGER_DIVIDE_BY_ZERO'의 이전 정의를 참조하십시오.
C:\Program Files (x86)\Windows Kits\10\Include\10.0.19041.0\shared\ntstatus.h(3372,1): warning C4005: 'STATUS_INTEGER_OVERFLOW': 매크로 재정의
C:\Program Files (x86)\Windows Kits\10\Include\10.0.19041.0\um\winnt.h(2552): message : 'STATUS_INTEGER_OVERFLOW'의 이전 정의를 참조하십시오.
C:\Program Files (x86)\Windows Kits\10\Include\10.0.19041.0\shared\ntstatus.h(3382,1): warning C4005: 'STATUS_PRIVILEGED_INSTRUCTION': 매크로 재정의
C:\Program Files (x86)\Windows Kits\10\Include\10.0.19041.0\um\winnt.h(2553): message : 'STATUS_PRIVILEGED_INSTRUCTION'의 이전 정의를 참조하십시오.
C:\Program Files (x86)\Windows Kits\10\Include\10.0.19041.0\shared\ntstatus.h(4328,1): warning C4005: 'STATUS_STACK_OVERFLOW': 매크로 재정의
C:\Program Files (x86)\Windows Kits\10\Include\10.0.19041.0\um\winnt.h(2554): message : 'STATUS_STACK_OVERFLOW'의 이전 정의를 참조하십시오.
C:\Program Files (x86)\Windows Kits\10\Include\10.0.19041.0\shared\ntstatus.h(4845,1): warning C4005: 'STATUS_DLL_NOT_FOUND': 매크로 재정의
C:\Program Files (x86)\Windows Kits\10\Include\10.0.19041.0\um\winnt.h(2555): message : 'STATUS_DLL_NOT_FOUND'의 이전 정의를 참조하십시오.
C:\Program Files (x86)\Windows Kits\10\Include\10.0.19041.0\shared\ntstatus.h(4874,1): warning C4005: 'STATUS_ORDINAL_NOT_FOUND': 매크로 재정의
C:\Program Files (x86)\Windows Kits\10\Include\10.0.19041.0\um\winnt.h(2556): message : 'STATUS_ORDINAL_NOT_FOUND'의 이전 정의를 참조하십시오.
C:\Program Files (x86)\Windows Kits\10\Include\10.0.19041.0\shared\ntstatus.h(4884,1): warning C4005: 'STATUS_ENTRYPOINT_NOT_FOUND': 매크로 재정의
C:\Program Files (x86)\Windows Kits\10\Include\10.0.19041.0\um\winnt.h(2557): message : 'STATUS_ENTRYPOINT_NOT_FOUND'의 이전 정의를 참조하십시오.
C:\Program Files (x86)\Windows Kits\10\Include\10.0.19041.0\shared\ntstatus.h(4894,1): warning C4005: 'STATUS_CONTROL_C_EXIT': 매크로 재정의
C:\Program Files (x86)\Windows Kits\10\Include\10.0.19041.0\um\winnt.h(2558): message : 'STATUS_CONTROL_C_EXIT'의 이전 정의를 참조하십시오.
C:\Program Files (x86)\Windows Kits\10\Include\10.0.19041.0\shared\ntstatus.h(4972,1): warning C4005: 'STATUS_DLL_INIT_FAILED': 매크로 재정의
C:\Program Files (x86)\Windows Kits\10\Include\10.0.19041.0\um\winnt.h(2559): message : 'STATUS_DLL_INIT_FAILED'의 이전 정의를 참조하십시오.
C:\Program Files (x86)\Windows Kits\10\Include\10.0.19041.0\shared\ntstatus.h(5969,1): warning C4005: 'STATUS_CONTROL_STACK_VIOLATION': 매크로 재정의
C:\Program Files (x86)\Windows Kits\10\Include\10.0.19041.0\um\winnt.h(2560): message : 'STATUS_CONTROL_STACK_VIOLATION'의 이전 정의를 참조하십시오.
C:\Program Files (x86)\Windows Kits\10\Include\10.0.19041.0\shared\ntstatus.h(7527,1): warning C4005: 'STATUS_FLOAT_MULTIPLE_FAULTS': 매크로 재정의
C:\Program Files (x86)\Windows Kits\10\Include\10.0.19041.0\um\winnt.h(2561): message : 'STATUS_FLOAT_MULTIPLE_FAULTS'의 이전 정의를 참조하십시오.
C:\Program Files (x86)\Windows Kits\10\Include\10.0.19041.0\shared\ntstatus.h(7537,1): warning C4005: 'STATUS_FLOAT_MULTIPLE_TRAPS': 매크로 재정의
C:\Program Files (x86)\Windows Kits\10\Include\10.0.19041.0\um\winnt.h(2562): message : 'STATUS_FLOAT_MULTIPLE_TRAPS'의 이전 정의를 참조하십시오.
C:\Program Files (x86)\Windows Kits\10\Include\10.0.19041.0\shared\ntstatus.h(7669,1): warning C4005: 'STATUS_REG_NAT_CONSUMPTION': 매크로 재정의
C:\Program Files (x86)\Windows Kits\10\Include\10.0.19041.0\um\winnt.h(2563): message : 'STATUS_REG_NAT_CONSUMPTION'의 이전 정의를 참조하십시오.
C:\Program Files (x86)\Windows Kits\10\Include\10.0.19041.0\shared\ntstatus.h(8652,1): warning C4005: 'STATUS_HEAP_CORRUPTION': 매크로 재정의
C:\Program Files (x86)\Windows Kits\10\Include\10.0.19041.0\um\winnt.h(2564): message : 'STATUS_HEAP_CORRUPTION'의 이전 정의를 참조하십시오.
C:\Program Files (x86)\Windows Kits\10\Include\10.0.19041.0\shared\ntstatus.h(8880,1): warning C4005: 'STATUS_STACK_BUFFER_OVERRUN': 매크로 재정의
C:\Program Files (x86)\Windows Kits\10\Include\10.0.19041.0\um\winnt.h(2565): message : 'STATUS_STACK_BUFFER_OVERRUN'의 이전 정의를 참조하십시오.
C:\Program Files (x86)\Windows Kits\10\Include\10.0.19041.0\shared\ntstatus.h(9007,1): warning C4005: 'STATUS_INVALID_CRUNTIME_PARAMETER': 매크로 재정의
C:\Program Files (x86)\Windows Kits\10\Include\10.0.19041.0\um\winnt.h(2566): message : 'STATUS_INVALID_CRUNTIME_PARAMETER'의 이전 정의를 참조하십시오.
C:\Program Files (x86)\Windows Kits\10\Include\10.0.19041.0\shared\ntstatus.h(9070,1): warning C4005: 'STATUS_ASSERTION_FAILURE': 매크로 재정의
C:\Program Files (x86)\Windows Kits\10\Include\10.0.19041.0\um\winnt.h(2567): message : 'STATUS_ASSERTION_FAILURE'의 이전 정의를 참조하십시오.
C:\Program Files (x86)\Windows Kits\10\Include\10.0.19041.0\shared\ntstatus.h(9988,1): warning C4005: 'STATUS_ENCLAVE_VIOLATION': 매크로 재정의
C:\Program Files (x86)\Windows Kits\10\Include\10.0.19041.0\um\winnt.h(2568): message : 'STATUS_ENCLAVE_VIOLATION'의 이전 정의를 참조하십시오.
C:\Program Files (x86)\Windows Kits\10\Include\10.0.19041.0\shared\ntstatus.h(10415,1): warning C4005: 'STATUS_INTERRUPTED': 매크로 재정의
C:\Program Files (x86)\Windows Kits\10\Include\10.0.19041.0\um\winnt.h(2569): message : 'STATUS_INTERRUPTED'의 이전 정의를 참조하십시오.
C:\Program Files (x86)\Windows Kits\10\Include\10.0.19041.0\shared\ntstatus.h(10424,1): warning C4005: 'STATUS_THREAD_NOT_RUNNING': 매크로 재정의
C:\Program Files (x86)\Windows Kits\10\Include\10.0.19041.0\um\winnt.h(2570): message : 'STATUS_THREAD_NOT_RUNNING'의 이전 정의를 참조하십시오.
C:\Program Files (x86)\Windows Kits\10\Include\10.0.19041.0\shared\ntstatus.h(10718,1): warning C4005: 'STATUS_ALREADY_REGISTERED': 매크로 재정의
C:\Program Files (x86)\Windows Kits\10\Include\10.0.19041.0\um\winnt.h(2571): message : 'STATUS_ALREADY_REGISTERED'의 이전 정의를 참조하십시오.
C:\Program Files (x86)\Windows Kits\10\Include\10.0.19041.0\shared\ntstatus.h(14352,1): warning C4005: 'STATUS_SXS_EARLY_DEACTIVATION': 매크로 재정의
C:\Program Files (x86)\Windows Kits\10\Include\10.0.19041.0\um\winnt.h(2573): message : 'STATUS_SXS_EARLY_DEACTIVATION'의 이전 정의를 참조하십시오.
C:\Program Files (x86)\Windows Kits\10\Include\10.0.19041.0\shared\ntstatus.h(14361,1): warning C4005: 'STATUS_SXS_INVALID_DEACTIVATION': 매크로 재정의
C:\Program Files (x86)\Windows Kits\10\Include\10.0.19041.0\um\winnt.h(2574): message : 'STATUS_SXS_INVALID_DEACTIVATION'의 이전 정의를 참조하십시오.
C:\Users\MeowCat\Desktop\source\iminController\iminController-Client\Libraries\ntdll.h(2482,1): warning C4005: 'FLS_MAXIMUM_AVAILABLE': 매크로 재정의
C:\Program Files (x86)\Windows Kits\10\Include\10.0.19041.0\um\winnt.h(11474): message : 'FLS_MAXIMUM_AVAILABLE'의 이전 정의를 참조하십시오.
C:\Users\MeowCat\Desktop\source\iminController\iminController-Client\Plugin\PluginHandler.cc(285,23): warning C4018: '<': signed 또는 unsigned가 일치하지 않습니다.
C:\Users\MeowCat\Desktop\source\iminController\iminController-Client\Plugin\PluginHandler.cc(50): warning C4172: 지역 변수 또는 임시: Destination의 주소를 반환하고 있습니다.
  iminController-Client.vcxproj -> C:\Users\MeowCat\Desktop\source\iminController\x64\Debug\iminController-Client.exe
