c:\users\meowcat\desktop\source\imincontroller\imincontroller-server\x64\debug\vc143.pdb
c:\users\meowcat\desktop\source\imincontroller\imincontroller-server\x64\debug\vc143.idb
c:\users\meowcat\desktop\source\imincontroller\imincontroller-server\x64\debug\variable.obj
c:\users\meowcat\desktop\source\imincontroller\imincontroller-server\x64\debug\aes.obj
c:\users\meowcat\desktop\source\imincontroller\imincontroller-server\x64\debug\taskhandler.obj
c:\users\meowcat\desktop\source\imincontroller\imincontroller-server\x64\debug\task.obj
c:\users\meowcat\desktop\source\imincontroller\imincontroller-server\x64\debug\main.obj
c:\users\meowcat\desktop\source\imincontroller\imincontroller-server\x64\debug\consoleprinter.obj
c:\users\meowcat\desktop\source\imincontroller\imincontroller-server\x64\debug\commandhandler.obj
c:\users\meowcat\desktop\source\imincontroller\imincontroller-server\x64\debug\packet.obj
c:\users\meowcat\desktop\source\imincontroller\imincontroller-server\x64\debug\mainhandler.obj
c:\users\meowcat\desktop\source\imincontroller\imincontroller-server\x64\debug\bothandler.obj
c:\users\meowcat\desktop\source\imincontroller\imincontroller-server\x64\debug\bot.obj
c:\users\meowcat\desktop\source\imincontroller\x64\debug\imincontroller-server.pdb
c:\users\meowcat\desktop\source\imincontroller\imincontroller-server\x64\debug\imincont.1c0b869b.tlog\cl.command.1.tlog
c:\users\meowcat\desktop\source\imincontroller\imincontroller-server\x64\debug\imincont.1c0b869b.tlog\cl.read.1.tlog
c:\users\meowcat\desktop\source\imincontroller\imincontroller-server\x64\debug\imincont.1c0b869b.tlog\cl.write.1.tlog
c:\users\meowcat\desktop\source\imincontroller\imincontroller-server\x64\debug\imincont.1c0b869b.tlog\link-cvtres.read.1.tlog
c:\users\meowcat\desktop\source\imincontroller\imincontroller-server\x64\debug\imincont.1c0b869b.tlog\link-cvtres.write.1.tlog
c:\users\meowcat\desktop\source\imincontroller\imincontroller-server\x64\debug\imincont.1c0b869b.tlog\link-rc.read.1.tlog
c:\users\meowcat\desktop\source\imincontroller\imincontroller-server\x64\debug\imincont.1c0b869b.tlog\link-rc.write.1.tlog
c:\users\meowcat\desktop\source\imincontroller\imincontroller-server\x64\debug\imincont.1c0b869b.tlog\link.command.1.tlog
c:\users\meowcat\desktop\source\imincontroller\imincontroller-server\x64\debug\imincont.1c0b869b.tlog\link.read.1.tlog
c:\users\meowcat\desktop\source\imincontroller\imincontroller-server\x64\debug\imincont.1c0b869b.tlog\link.read.2.tlog
c:\users\meowcat\desktop\source\imincontroller\imincontroller-server\x64\debug\imincont.1c0b869b.tlog\link.write.1.tlog
