c:\users\meowcat\desktop\source\imincontroller\imincontroller-server\x64\release\variable.obj
c:\users\meowcat\desktop\source\imincontroller\imincontroller-server\x64\release\aes.obj
c:\users\meowcat\desktop\source\imincontroller\imincontroller-server\x64\release\taskhandler.obj
c:\users\meowcat\desktop\source\imincontroller\imincontroller-server\x64\release\task.obj
c:\users\meowcat\desktop\source\imincontroller\imincontroller-server\x64\release\main.obj
c:\users\meowcat\desktop\source\imincontroller\imincontroller-server\x64\release\consoleprinter.obj
c:\users\meowcat\desktop\source\imincontroller\imincontroller-server\x64\release\commandhandler.obj
c:\users\meowcat\desktop\source\imincontroller\imincontroller-server\x64\release\packet.obj
c:\users\meowcat\desktop\source\imincontroller\imincontroller-server\x64\release\mainhandler.obj
c:\users\meowcat\desktop\source\imincontroller\imincontroller-server\x64\release\bothandler.obj
c:\users\meowcat\desktop\source\imincontroller\imincontroller-server\x64\release\bot.obj
c:\users\meowcat\desktop\source\imincontroller\x64\release\imincontroller-server.exe
c:\users\meowcat\desktop\source\imincontroller\imincontroller-server\x64\release\imincontroller-server.ipdb
c:\users\meowcat\desktop\source\imincontroller\imincontroller-server\x64\release\imincontroller-server.iobj
c:\users\meowcat\desktop\source\imincontroller\imincontroller-server\x64\release\imincont.1c0b869b.tlog\cl.command.1.tlog
c:\users\meowcat\desktop\source\imincontroller\imincontroller-server\x64\release\imincont.1c0b869b.tlog\cl.read.1.tlog
c:\users\meowcat\desktop\source\imincontroller\imincontroller-server\x64\release\imincont.1c0b869b.tlog\cl.write.1.tlog
c:\users\meowcat\desktop\source\imincontroller\imincontroller-server\x64\release\imincont.1c0b869b.tlog\link.command.1.tlog
c:\users\meowcat\desktop\source\imincontroller\imincontroller-server\x64\release\imincont.1c0b869b.tlog\link.read.1.tlog
c:\users\meowcat\desktop\source\imincontroller\imincontroller-server\x64\release\imincont.1c0b869b.tlog\link.write.1.tlog
