  Bot.cc
C:\Program Files (x86)\Windows Kits\10\Include\10.0.19041.0\um\WinSock2.h(17,1): warning C4005: '_WINSOCKAPI_': 매크로 재정의
C:\Program Files (x86)\Windows Kits\10\Include\10.0.19041.0\um\WinSock2.h(17,1): message : 이전에 명령줄에서 선언된 '_WINSOCKAPI_'
C:\Users\MeowCat\Desktop\source\iminController\iminController-Server\Util\Variable.h(40): warning C4091: 'typedef ': 변수를 선언하지 않으면 'Variable::Signature' 왼쪽은 무시됩니다.
C:\Users\MeowCat\Desktop\source\iminController\iminController-Server\Util\Variable.h(46): warning C4091: 'typedef ': 변수를 선언하지 않으면 'Variable::PacketType' 왼쪽은 무시됩니다.
C:\Users\MeowCat\Desktop\source\iminController\iminController-Server\Util\Variable.h(51): warning C4091: 'typedef ': 변수를 선언하지 않으면 'Variable::TaskType' 왼쪽은 무시됩니다.
  BotHandler.cc
C:\Users\MeowCat\Desktop\source\iminController\iminController-Server\Util\Variable.h(40): warning C4091: 'typedef ': 변수를 선언하지 않으면 'Variable::Signature' 왼쪽은 무시됩니다.
C:\Users\MeowCat\Desktop\source\iminController\iminController-Server\Util\Variable.h(46): warning C4091: 'typedef ': 변수를 선언하지 않으면 'Variable::PacketType' 왼쪽은 무시됩니다.
C:\Users\MeowCat\Desktop\source\iminController\iminController-Server\Util\Variable.h(51): warning C4091: 'typedef ': 변수를 선언하지 않으면 'Variable::TaskType' 왼쪽은 무시됩니다.
C:\Program Files (x86)\Windows Kits\10\Include\10.0.19041.0\um\WinSock2.h(17,1): warning C4005: '_WINSOCKAPI_': 매크로 재정의
C:\Program Files (x86)\Windows Kits\10\Include\10.0.19041.0\um\WinSock2.h(17,1): message : 이전에 명령줄에서 선언된 '_WINSOCKAPI_'
C:\Users\MeowCat\Desktop\source\iminController\iminController-Server\Bots\BotHandler.cc(33,54): warning C4267: 'return': 'size_t'에서 'int'(으)로 변환하면서 데이터가 손실될 수 있습니다.
  MainHandler.cc
C:\Program Files (x86)\Windows Kits\10\Include\10.0.19041.0\um\WinSock2.h(17,1): warning C4005: '_WINSOCKAPI_': 매크로 재정의
C:\Program Files (x86)\Windows Kits\10\Include\10.0.19041.0\um\WinSock2.h(17,1): message : 이전에 명령줄에서 선언된 '_WINSOCKAPI_'
C:\Users\MeowCat\Desktop\source\iminController\iminController-Server\Util\Variable.h(40): warning C4091: 'typedef ': 변수를 선언하지 않으면 'Variable::Signature' 왼쪽은 무시됩니다.
C:\Users\MeowCat\Desktop\source\iminController\iminController-Server\Util\Variable.h(46): warning C4091: 'typedef ': 변수를 선언하지 않으면 'Variable::PacketType' 왼쪽은 무시됩니다.
C:\Users\MeowCat\Desktop\source\iminController\iminController-Server\Util\Variable.h(51): warning C4091: 'typedef ': 변수를 선언하지 않으면 'Variable::TaskType' 왼쪽은 무시됩니다.
  Packet.cc
C:\Program Files (x86)\Windows Kits\10\Include\10.0.19041.0\um\WinSock2.h(17,1): warning C4005: '_WINSOCKAPI_': 매크로 재정의
C:\Program Files (x86)\Windows Kits\10\Include\10.0.19041.0\um\WinSock2.h(17,1): message : 이전에 명령줄에서 선언된 '_WINSOCKAPI_'
C:\Users\MeowCat\Desktop\source\iminController\iminController-Server\Util\Variable.h(40): warning C4091: 'typedef ': 변수를 선언하지 않으면 'Variable::Signature' 왼쪽은 무시됩니다.
C:\Users\MeowCat\Desktop\source\iminController\iminController-Server\Util\Variable.h(46): warning C4091: 'typedef ': 변수를 선언하지 않으면 'Variable::PacketType' 왼쪽은 무시됩니다.
C:\Users\MeowCat\Desktop\source\iminController\iminController-Server\Util\Variable.h(51): warning C4091: 'typedef ': 변수를 선언하지 않으면 'Variable::TaskType' 왼쪽은 무시됩니다.
C:\Users\MeowCat\Desktop\source\iminController\iminController-Server\Communication\Packet.cc(111,27): warning C4267: '+=': 'size_t'에서 'int'(으)로 변환하면서 데이터가 손실될 수 있습니다.
C:\Users\MeowCat\Desktop\source\iminController\iminController-Server\Communication\Packet.cc(113,27): warning C4267: '+=': 'size_t'에서 'int'(으)로 변환하면서 데이터가 손실될 수 있습니다.
  CommandHandler.cc
C:\Users\MeowCat\Desktop\source\iminController\iminController-Server\Util\Variable.h(40): warning C4091: 'typedef ': 변수를 선언하지 않으면 'Variable::Signature' 왼쪽은 무시됩니다.
C:\Users\MeowCat\Desktop\source\iminController\iminController-Server\Util\Variable.h(46): warning C4091: 'typedef ': 변수를 선언하지 않으면 'Variable::PacketType' 왼쪽은 무시됩니다.
C:\Users\MeowCat\Desktop\source\iminController\iminController-Server\Util\Variable.h(51): warning C4091: 'typedef ': 변수를 선언하지 않으면 'Variable::TaskType' 왼쪽은 무시됩니다.
C:\Program Files (x86)\Windows Kits\10\Include\10.0.19041.0\um\WinSock2.h(17,1): warning C4005: '_WINSOCKAPI_': 매크로 재정의
C:\Program Files (x86)\Windows Kits\10\Include\10.0.19041.0\um\WinSock2.h(17,1): message : 이전에 명령줄에서 선언된 '_WINSOCKAPI_'
  ConsolePrinter.cc
  Main.cc
C:\Users\MeowCat\Desktop\source\iminController\iminController-Server\Util\Variable.h(40): warning C4091: 'typedef ': 변수를 선언하지 않으면 'Variable::Signature' 왼쪽은 무시됩니다.
C:\Users\MeowCat\Desktop\source\iminController\iminController-Server\Util\Variable.h(46): warning C4091: 'typedef ': 변수를 선언하지 않으면 'Variable::PacketType' 왼쪽은 무시됩니다.
C:\Users\MeowCat\Desktop\source\iminController\iminController-Server\Util\Variable.h(51): warning C4091: 'typedef ': 변수를 선언하지 않으면 'Variable::TaskType' 왼쪽은 무시됩니다.
C:\Program Files (x86)\Windows Kits\10\Include\10.0.19041.0\um\WinSock2.h(17,1): warning C4005: '_WINSOCKAPI_': 매크로 재정의
C:\Program Files (x86)\Windows Kits\10\Include\10.0.19041.0\um\WinSock2.h(17,1): message : 이전에 명령줄에서 선언된 '_WINSOCKAPI_'
  Task.cpp
C:\Users\MeowCat\Desktop\source\iminController\iminController-Server\Util\Variable.h(40): warning C4091: 'typedef ': 변수를 선언하지 않으면 'Variable::Signature' 왼쪽은 무시됩니다.
C:\Users\MeowCat\Desktop\source\iminController\iminController-Server\Util\Variable.h(46): warning C4091: 'typedef ': 변수를 선언하지 않으면 'Variable::PacketType' 왼쪽은 무시됩니다.
C:\Users\MeowCat\Desktop\source\iminController\iminController-Server\Util\Variable.h(51): warning C4091: 'typedef ': 변수를 선언하지 않으면 'Variable::TaskType' 왼쪽은 무시됩니다.
  TaskHandler.cpp
C:\Users\MeowCat\Desktop\source\iminController\iminController-Server\Util\Variable.h(40): warning C4091: 'typedef ': 변수를 선언하지 않으면 'Variable::Signature' 왼쪽은 무시됩니다.
C:\Users\MeowCat\Desktop\source\iminController\iminController-Server\Util\Variable.h(46): warning C4091: 'typedef ': 변수를 선언하지 않으면 'Variable::PacketType' 왼쪽은 무시됩니다.
C:\Users\MeowCat\Desktop\source\iminController\iminController-Server\Util\Variable.h(51): warning C4091: 'typedef ': 변수를 선언하지 않으면 'Variable::TaskType' 왼쪽은 무시됩니다.
C:\Program Files (x86)\Windows Kits\10\Include\10.0.19041.0\um\WinSock2.h(17,1): warning C4005: '_WINSOCKAPI_': 매크로 재정의
C:\Program Files (x86)\Windows Kits\10\Include\10.0.19041.0\um\WinSock2.h(17,1): message : 이전에 명령줄에서 선언된 '_WINSOCKAPI_'
C:\Users\MeowCat\Desktop\source\iminController\iminController-Server\Task\TaskHandler.cpp(20,52): warning C4267: 'return': 'size_t'에서 'int'(으)로 변환하면서 데이터가 손실될 수 있습니다.
  Aes.cc
  Variable.cc
C:\Users\MeowCat\Desktop\source\iminController\iminController-Server\Util\Variable.h(40): warning C4091: 'typedef ': 변수를 선언하지 않으면 'Variable::Signature' 왼쪽은 무시됩니다.
C:\Users\MeowCat\Desktop\source\iminController\iminController-Server\Util\Variable.h(46): warning C4091: 'typedef ': 변수를 선언하지 않으면 'Variable::PacketType' 왼쪽은 무시됩니다.
C:\Users\MeowCat\Desktop\source\iminController\iminController-Server\Util\Variable.h(51): warning C4091: 'typedef ': 변수를 선언하지 않으면 'Variable::TaskType' 왼쪽은 무시됩니다.
  코드를 생성하고 있습니다.
  Previous IPDB not found, fall back to full compilation.
C:\Users\MeowCat\Desktop\source\iminController\iminController-Server\Communication\Packet.cc(66): warning C4715: 'Packet::sendPacket': 모든 제어 경로에서 값을 반환하지는 않습니다.
  All 1035 functions were compiled because no usable IPDB/IOBJ from previous compilation was found.
  코드를 생성했습니다.
  iminController-Server.vcxproj -> C:\Users\MeowCat\Desktop\source\iminController\x64\Release\iminController-Server.exe
